<?xml version="1.0" encoding="UTF-8" ?>
<testsuite tests="17" failures="0" name="de.zalando.buildstatus.BuildStatusMonitorTest" time="7.4" errors="0" skipped="0">
  <properties>
[...]
</properties>
  <testcase classname="de.zalando.buildstatus.BuildStatusMonitorTest" name="ifAtLeastOneJobIsFailedIndicatorShouldDisplayFailure" time="2.908"/>
  <testcase classname="de.zalando.buildstatus.BuildStatusMonitorTest" name="failureBlinkingStatusShouldOverrideUnstableStatus" time="0.315"/>
  <testcase classname="de.zalando.buildstatus.BuildStatusMonitorTest" name="ifJenkinsJobIsBlueIndicatorShouldDisplaySuccess" time="0.238"/>
  <testcase classname="de.zalando.buildstatus.BuildStatusMonitorTest" name="failureBlinkingStatusShouldOverrideSuccessStatus" time="0.418"/>
  <testcase classname="de.zalando.buildstatus.BuildStatusMonitorTest" name="ifJenkinsJobIsRedIndicatorShouldDisplayFailed" time="0.175"/>
  <testcase classname="de.zalando.buildstatus.BuildStatusMonitorTest" name="unstableBlinkingStatusShouldNotOverrideFailedStatus" time="0.366"/>
  <testcase classname="de.zalando.buildstatus.BuildStatusMonitorTest" name="ifThereAreUnstableAndFailedJobsIndicatorShouldDisplayFailed" time="0.394"/>
  <testcase classname="de.zalando.buildstatus.BuildStatusMonitorTest" name="ifJenkinsJobIsBlueAnimatedIndicatorShouldDisplaySuccessBlinking" time="0.519"/>
  <testcase classname="de.zalando.buildstatus.BuildStatusMonitorTest" name="ifJenkinsJobIsRedAnimatedIndicatorShouldDisplayFailureBlinking" time="0.274"/>
  <testcase classname="de.zalando.buildstatus.BuildStatusMonitorTest" name="unstableBlinkingStatusShouldOverrideSuccessStatus" time="0.28"/>
  <testcase classname="de.zalando.buildstatus.BuildStatusMonitorTest" name="ifJenkinsJobIsYellowIndicatorShouldDisplayUnstable" time="0.272"/>
  <testcase classname="de.zalando.buildstatus.BuildStatusMonitorTest" name="ifJenkinsJobIsYellowAnimatedIndicatorShouldDisplayUnstableBlinking" time="0.231"/>
  <testcase classname="de.zalando.buildstatus.BuildStatusMonitorTest" name="successBlinkingStatusShouldOverrideNonBlinkingStatus" time="0.187"/>
  <testcase classname="de.zalando.buildstatus.BuildStatusMonitorTest" name="ifAllJobsAreSuccessIndicatorShouldDisplaySuccess" time="0.239"/>
  <testcase classname="de.zalando.buildstatus.BuildStatusMonitorTest" name="failureBlinkingStatusShouldOverrideNonBlinkingStatus" time="0.142"/>
  <testcase classname="de.zalando.buildstatus.BuildStatusMonitorTest" name="ifAtLeastOneJobIsUnstableIndicatorShouldDisplayUnstable" time="0.244"/>
  <testcase classname="de.zalando.buildstatus.BuildStatusMonitorTest" name="unstableBlinkingStatusShouldOverrideNonBlinkingStatus" time="0.198"/>
</testsuite>